Flow report for tp2_e5_ERV25_grupo2
Wed Jun  4 16:57:28 2025
Quartus Prime Version 24.1std.0 Build 1077 03/04/2025 SC Lite Edition


---------------------
; Table of Contents ;
---------------------
  1. Legal Notice
  2. Flow Summary
  3. Flow Settings
  4. Flow Non-Default Global Settings
  5. Flow Elapsed Time
  6. Flow OS Summary
  7. Flow Log
  8. Flow Messages
  9. Flow Suppressed Messages



----------------
; Legal Notice ;
----------------
Copyright (C) 2025  Altera Corporation. All rights reserved.
Your use of Altera Corporation's design tools, logic functions 
and other software and tools, and any partner logic 
functions, and any output files from any of the foregoing 
(including device programming or simulation files), and any 
associated documentation or information are expressly subject 
to the terms and conditions of the Altera Program License 
Subscription Agreement, the Altera Quartus Prime License Agreement,
the Altera IP License Agreement, or other applicable license
agreement, including, without limitation, that your use is for
the sole purpose of programming logic devices manufactured by
Altera and sold by Altera or its authorized distributors.  Please
refer to the Altera Software License Subscription Agreements 
on the Quartus Prime software download page.



+--------------------------------------------------------------------------------------+
; Flow Summary                                                                         ;
+------------------------------------+-------------------------------------------------+
; Flow Status                        ; Successful - Wed Jun  4 16:57:28 2025           ;
; Quartus Prime Version              ; 24.1std.0 Build 1077 03/04/2025 SC Lite Edition ;
; Revision Name                      ; tp2_e5_ERV25_grupo2                             ;
; Top-level Entity Name              ; tp2_e5_ERV25_grupo2                             ;
; Family                             ; Cyclone IV E                                    ;
; Device                             ; EP4CE22F17C8L                                   ;
; Timing Models                      ; Final                                           ;
; Total logic elements               ; 2,572 / 22,320 ( 12 % )                         ;
;     Total combinational functions  ; 2,392 / 22,320 ( 11 % )                         ;
;     Dedicated logic registers      ; 1,413 / 22,320 ( 6 % )                          ;
; Total registers                    ; 1413                                            ;
; Total pins                         ; 132 / 154 ( 86 % )                              ;
; Total virtual pins                 ; 323                                             ;
; Total memory bits                  ; 66,752 / 608,256 ( 11 % )                       ;
; Embedded Multiplier 9-bit elements ; 0 / 132 ( 0 % )                                 ;
; Total PLLs                         ; 0 / 4 ( 0 % )                                   ;
+------------------------------------+-------------------------------------------------+


+-----------------------------------------+
; Flow Settings                           ;
+-------------------+---------------------+
; Option            ; Setting             ;
+-------------------+---------------------+
; Start date & time ; 06/04/2025 16:56:17 ;
; Main task         ; Compilation         ;
; Revision Name     ; tp2_e5_ERV25_grupo2 ;
+-------------------+---------------------+


+------------------------------------------------------------------------------------------------------------------------------------------------+
; Flow Non-Default Global Settings                                                                                                               ;
+-------------------------------------+----------------------------------------+---------------+-------------+-----------------------------------+
; Assignment Name                     ; Value                                  ; Default Value ; Entity Name ; Section Id                        ;
+-------------------------------------+----------------------------------------+---------------+-------------+-----------------------------------+
; COMPILER_SIGNATURE_ID               ; 64626915164499.174906697706072         ; --            ; --          ; --                                ;
; EDA_GENERATE_FUNCTIONAL_NETLIST     ; Off                                    ; --            ; --          ; eda_board_design_timing           ;
; EDA_GENERATE_FUNCTIONAL_NETLIST     ; Off                                    ; --            ; --          ; eda_board_design_boundary_scan    ;
; EDA_GENERATE_FUNCTIONAL_NETLIST     ; Off                                    ; --            ; --          ; eda_board_design_signal_integrity ;
; EDA_GENERATE_FUNCTIONAL_NETLIST     ; Off                                    ; --            ; --          ; eda_board_design_symbol           ;
; EDA_OUTPUT_DATA_FORMAT              ; Verilog Hdl                            ; --            ; --          ; eda_simulation                    ;
; EDA_SIMULATION_TOOL                 ; Questa Intel FPGA (Verilog)            ; <None>        ; --          ; --                                ;
; EDA_TIME_SCALE                      ; 1 ps                                   ; --            ; --          ; eda_simulation                    ;
; MAX_CORE_JUNCTION_TEMP              ; 85                                     ; --            ; --          ; --                                ;
; MIN_CORE_JUNCTION_TEMP              ; 0                                      ; --            ; --          ; --                                ;
; MISC_FILE                           ; ram_principal.bsf                      ; --            ; --          ; --                                ;
; MISC_FILE                           ; ram_principal_bb.v                     ; --            ; --          ; --                                ;
; MISC_FILE                           ; constant0.bsf                          ; --            ; --          ; --                                ;
; MISC_FILE                           ; constant0_bb.v                         ; --            ; --          ; --                                ;
; MISC_FILE                           ; bht_btb_ram.bsf                        ; --            ; --          ; --                                ;
; MISC_FILE                           ; bht_btb_ram_bb.v                       ; --            ; --          ; --                                ;
; MISC_FILE                           ; instruction_constant.bsf               ; --            ; --          ; --                                ;
; MISC_FILE                           ; instruction_constant_bb.v              ; --            ; --          ; --                                ;
; NOMINAL_CORE_SUPPLY_VOLTAGE         ; 1.0V                                   ; --            ; --          ; --                                ;
; PARTITION_COLOR                     ; -- (Not supported for targeted family) ; --            ; --          ; Top                               ;
; PARTITION_FITTER_PRESERVATION_LEVEL ; -- (Not supported for targeted family) ; --            ; --          ; Top                               ;
; PARTITION_NETLIST_TYPE              ; -- (Not supported for targeted family) ; --            ; --          ; Top                               ;
; PROJECT_OUTPUT_DIRECTORY            ; output_files                           ; --            ; --          ; --                                ;
+-------------------------------------+----------------------------------------+---------------+-------------+-----------------------------------+


+--------------------------------------------------------------------------------------------------------------------------+
; Flow Elapsed Time                                                                                                        ;
+----------------------+--------------+-------------------------+---------------------+------------------------------------+
; Module Name          ; Elapsed Time ; Average Processors Used ; Peak Virtual Memory ; Total CPU Time (on all processors) ;
+----------------------+--------------+-------------------------+---------------------+------------------------------------+
; Analysis & Synthesis ; 00:00:19     ; 1.0                     ; 4822 MB             ; 00:00:35                           ;
; Fitter               ; 00:00:37     ; 1.3                     ; 5567 MB             ; 00:00:57                           ;
; Assembler            ; 00:00:02     ; 1.0                     ; 4766 MB             ; 00:00:01                           ;
; Timing Analyzer      ; 00:00:06     ; 1.9                     ; 4850 MB             ; 00:00:09                           ;
; EDA Netlist Writer   ; 00:00:01     ; 1.0                     ; 4690 MB             ; 00:00:01                           ;
; Total                ; 00:01:05     ; --                      ; --                  ; 00:01:43                           ;
+----------------------+--------------+-------------------------+---------------------+------------------------------------+


+------------------------------------------------------------------------------------+
; Flow OS Summary                                                                    ;
+----------------------+------------------+------------+------------+----------------+
; Module Name          ; Machine Hostname ; OS Name    ; OS Version ; Processor type ;
+----------------------+------------------+------------+------------+----------------+
; Analysis & Synthesis ; LAPTOP-IQESHE48  ; Windows 10 ; 10.0       ; x86_64         ;
; Fitter               ; LAPTOP-IQESHE48  ; Windows 10 ; 10.0       ; x86_64         ;
; Assembler            ; LAPTOP-IQESHE48  ; Windows 10 ; 10.0       ; x86_64         ;
; Timing Analyzer      ; LAPTOP-IQESHE48  ; Windows 10 ; 10.0       ; x86_64         ;
; EDA Netlist Writer   ; LAPTOP-IQESHE48  ; Windows 10 ; 10.0       ; x86_64         ;
+----------------------+------------------+------------+------------+----------------+


------------
; Flow Log ;
------------
quartus_map --read_settings_files=on --write_settings_files=off tp2_e5_ERV25_grupo2 -c tp2_e5_ERV25_grupo2
quartus_fit --read_settings_files=off --write_settings_files=off tp2_e5_ERV25_grupo2 -c tp2_e5_ERV25_grupo2
quartus_asm --read_settings_files=off --write_settings_files=off tp2_e5_ERV25_grupo2 -c tp2_e5_ERV25_grupo2
quartus_sta tp2_e5_ERV25_grupo2 -c tp2_e5_ERV25_grupo2
quartus_eda --read_settings_files=off --write_settings_files=off tp2_e5_ERV25_grupo2 -c tp2_e5_ERV25_grupo2



